<?xml version="1.0" encoding="UTF-8"?>
<!-- Generated by org.testng.reporters.JUnitReportReporter -->
<testsuite hostname="hp" name="testNGPackage.FirstTestNGProg" tests="1" failures="0" timestamp="10 Apr 2017 18:22:09 GMT" time="8.543" errors="0">
  <testcase name="f" time="8.543" classname="testNGPackage.FirstTestNGProg"/>
</testsuite> <!-- testNGPackage.FirstTestNGProg -->
